/*C1*/SET SCHEMA SYSTEM_LOBS
INSERT INTO BLOCKS VALUES(0,2147483647,0)
COMMIT
/*C3*/SET SCHEMA PUBLIC
DROP TABLE IF EXISTS categoria
DROP TABLE IF EXISTS user
DROP TABLE IF EXISTS post
DROP TABLE IF EXISTS tags
CREATE TABLE if not exists categoria(\u000a    id INTEGER GENERATED BY DEFAULT AS IDENTITY(START WITH 1, INCREMENT BY 1) PRIMARY KEY not null,\u000a    nombre VARCHAR(60) NOT NULL,\u000a    is_activa boolean default false\u000a)
CREATE TABLE if not exists  user(\u000a    id INTEGER GENERATED BY DEFAULT AS IDENTITY(START WITH 1, INCREMENT BY 1) PRIMARY KEY not null,\u000a    nombre VARCHAR(60) NOT NULL,\u000a    email VARCHAR(100) not null,\u000a    password VARCHAR(80) not null,\u000a    is_activo boolean DEFAULT true\u000a \u000a)
CREATE TABLE if not exists post (\u000a    id INTEGER GENERATED BY DEFAULT AS IDENTITY(START WITH 1, INCREMENT BY 1) PRIMARY KEY not null,\u000a    titulo VARCHAR(100) NOT NULL,\u000a    sub_titulo VARCHAR(100) NOT NULL,\u000a    cuerpo clob NOT NULL,\u000a    fecha_creacion TIMESTAMP NOT NULL,\u000a    categoria_id integer NOT NULL,\u000a    user_id integer not null,\u000a    FOREIGN KEY (categoria_id) REFERENCES categoria(id),\u000a    FOREIGN KEY (user_id) REFERENCES user(id)\u000a)
CREATE TABLE if not exists tags(\u000a    post_id integer, \u000a    tag VARCHAR(255),\u000a     FOREIGN KEY (post_id) REFERENCES post(id)\u000a)
INSERT INTO CATEGORIA VALUES(1,'Literatura',TRUE)
INSERT INTO CATEGORIA VALUES(2,'M\u00fasica',TRUE)
INSERT INTO CATEGORIA VALUES(3,'Cine',TRUE)
INSERT INTO CATEGORIA VALUES(4,'Deportes',TRUE)
INSERT INTO CATEGORIA VALUES(5,'Tecnolog\u00eda',TRUE)
INSERT INTO CATEGORIA VALUES(6,'Developers',TRUE)
INSERT INTO CATEGORIA VALUES(7,'Noticias',TRUE)
INSERT INTO CATEGORIA VALUES(8,'Tutoriales',TRUE)
COMMIT
DISCONNECT
